<?xml version="1.0" encoding="UTF-8"?>
<!-- Generated by org.testng.reporters.JUnitReportReporter -->
<testsuite hostname="Jack_PC" name="testNGSeleniumWebCalc.MultiPressedElementTest" tests="5" failures="0" timestamp="29 Jan 2015 20:35:36 GMT" time="1.514" errors="0">
  <testcase name="testPressedPlusPlus" time="0.195" classname="testNGSeleniumWebCalc.MultiPressedElementTest"/>
  <testcase name="testPressedNum2OpMinus" time="0.210" classname="testNGSeleniumWebCalc.MultiPressedElementTest"/>
  <testcase name="testPressedDoubleClick" time="0.162" classname="testNGSeleniumWebCalc.MultiPressedElementTest"/>
  <testcase name="testPressedAllNum" time="0.726" classname="testNGSeleniumWebCalc.MultiPressedElementTest"/>
  <testcase name="testPressedNum1OpPlus" time="0.221" classname="testNGSeleniumWebCalc.MultiPressedElementTest"/>
</testsuite> <!-- testNGSeleniumWebCalc.MultiPressedElementTest -->
