<?xml version="1.0" encoding="UTF-8"?>
<!-- Generated by org.testng.reporters.JUnitReportReporter -->
<testsuite hostname="Jack_PC" name="testNGSeleniumWebCalc.FindElementTest" tests="17" failures="0" timestamp="29 Jan 2015 20:35:36 GMT" time="1.081" errors="0">
  <testcase name="testButton3" time="0.074" classname="testNGSeleniumWebCalc.FindElementTest"/>
  <testcase name="testButton0" time="0.064" classname="testNGSeleniumWebCalc.FindElementTest"/>
  <testcase name="testButton2" time="0.063" classname="testNGSeleniumWebCalc.FindElementTest"/>
  <testcase name="testButtonPlus" time="0.058" classname="testNGSeleniumWebCalc.FindElementTest"/>
  <testcase name="testButton9" time="0.070" classname="testNGSeleniumWebCalc.FindElementTest"/>
  <testcase name="testButton7" time="0.050" classname="testNGSeleniumWebCalc.FindElementTest"/>
  <testcase name="testButtonEquals" time="0.051" classname="testNGSeleniumWebCalc.FindElementTest"/>
  <testcase name="testButtonMult" time="0.052" classname="testNGSeleniumWebCalc.FindElementTest"/>
  <testcase name="testButton4" time="0.083" classname="testNGSeleniumWebCalc.FindElementTest"/>
  <testcase name="testButtonMinus" time="0.062" classname="testNGSeleniumWebCalc.FindElementTest"/>
  <testcase name="testButton8" time="0.084" classname="testNGSeleniumWebCalc.FindElementTest"/>
  <testcase name="testButtonDisplay" time="0.063" classname="testNGSeleniumWebCalc.FindElementTest"/>
  <testcase name="testButton5" time="0.062" classname="testNGSeleniumWebCalc.FindElementTest"/>
  <testcase name="testButton6" time="0.068" classname="testNGSeleniumWebCalc.FindElementTest"/>
  <testcase name="testButton1" time="0.062" classname="testNGSeleniumWebCalc.FindElementTest"/>
  <testcase name="testButtonDev" time="0.059" classname="testNGSeleniumWebCalc.FindElementTest"/>
  <testcase name="testButtonBack" time="0.056" classname="testNGSeleniumWebCalc.FindElementTest"/>
</testsuite> <!-- testNGSeleniumWebCalc.FindElementTest -->
