<?xml version="1.0" encoding="UTF-8"?>
<!-- Generated by org.testng.reporters.JUnitReportReporter -->
<testsuite hostname="Jack_PC" name="testNGSeleniumWebCalc.PressedElementTest" tests="16" failures="0" timestamp="29 Jan 2015 20:35:36 GMT" time="2.305" errors="0">
  <testcase name="testPressDiv" time="0.143" classname="testNGSeleniumWebCalc.PressedElementTest"/>
  <testcase name="testPress5" time="0.145" classname="testNGSeleniumWebCalc.PressedElementTest"/>
  <testcase name="testPressPlus" time="0.133" classname="testNGSeleniumWebCalc.PressedElementTest"/>
  <testcase name="testPress2" time="0.132" classname="testNGSeleniumWebCalc.PressedElementTest"/>
  <testcase name="testPress9" time="0.137" classname="testNGSeleniumWebCalc.PressedElementTest"/>
  <testcase name="testPressMult" time="0.133" classname="testNGSeleniumWebCalc.PressedElementTest"/>
  <testcase name="testPressBack" time="0.134" classname="testNGSeleniumWebCalc.PressedElementTest"/>
  <testcase name="testPress3" time="0.126" classname="testNGSeleniumWebCalc.PressedElementTest"/>
  <testcase name="testPress7" time="0.140" classname="testNGSeleniumWebCalc.PressedElementTest"/>
  <testcase name="testPress6" time="0.152" classname="testNGSeleniumWebCalc.PressedElementTest"/>
  <testcase name="testPress0" time="0.202" classname="testNGSeleniumWebCalc.PressedElementTest"/>
  <testcase name="testPress4" time="0.145" classname="testNGSeleniumWebCalc.PressedElementTest"/>
  <testcase name="testPress8" time="0.133" classname="testNGSeleniumWebCalc.PressedElementTest"/>
  <testcase name="testPress1" time="0.151" classname="testNGSeleniumWebCalc.PressedElementTest"/>
  <testcase name="testPressEquals" time="0.151" classname="testNGSeleniumWebCalc.PressedElementTest"/>
  <testcase name="testPressMinus" time="0.148" classname="testNGSeleniumWebCalc.PressedElementTest"/>
</testsuite> <!-- testNGSeleniumWebCalc.PressedElementTest -->
