<?xml version="1.0" encoding="UTF-8"?>
<!-- Generated by org.testng.reporters.JUnitReportReporter -->
<testsuite hostname="Jack_PC" name="testNGSeleniumWebCalc.FunctionTest" tests="4" failures="0" timestamp="29 Jan 2015 20:35:36 GMT" time="1.338" errors="0">
  <testcase name="test2Minus3" time="0.340" classname="testNGSeleniumWebCalc.FunctionTest"/>
  <testcase name="test2Mult3" time="0.335" classname="testNGSeleniumWebCalc.FunctionTest"/>
  <testcase name="test6Div3" time="0.332" classname="testNGSeleniumWebCalc.FunctionTest"/>
  <testcase name="test2Plus3" time="0.331" classname="testNGSeleniumWebCalc.FunctionTest"/>
</testsuite> <!-- testNGSeleniumWebCalc.FunctionTest -->
